This file contains any messages produced by compilers while
running configure, to aid debugging if configure makes a mistake.

It was created by configure, which was
generated by GNU Autoconf 2.69.  Invocation command line was

  $ ./configure 

## --------- ##
## Platform. ##
## --------- ##

hostname = compling-server.sw2
uname -m = x86_64
uname -r = 4.11.12-100.fc24.x86_64
uname -s = Linux
uname -v = #1 SMP Fri Jul 21 17:35:20 UTC 2017

/usr/bin/uname -p = x86_64
/bin/uname -X     = unknown

/bin/arch              = x86_64
/usr/bin/arch -k       = unknown
/usr/convex/getsysinfo = unknown
/usr/bin/hostinfo      = unknown
/bin/machine           = unknown
/usr/bin/oslevel       = unknown
/bin/universe          = unknown

PATH: /home/hardie/bin
PATH: /home/angus/perl5/bin
PATH: /usr/local/bin
PATH: /usr/bin
PATH: /usr/local/sbin
PATH: /usr/sbin
PATH: /home/angus/.local/bin
PATH: /home/angus/bin


## ----------- ##
## Core tests. ##
## ----------- ##

configure:1702: checking for xsltproc
configure:1718: found /usr/bin/xsltproc
configure:1729: result: xsltproc
configure:1753: checking for rm
configure:1769: found /usr/bin/rm
configure:1780: result: rm
configure:1804: checking for inkscape
configure:1834: result: no
configure:1855: checking for inkscape
configure:1885: result: no
configure:1906: checking for inkscape
configure:1936: result: no
configure:1957: checking for inkscape
configure:1987: result: no
configure:2008: checking for inkscape
configure:2038: result: no
configure:2059: checking for inkscape
configure:2089: result: no
configure:2110: checking for inkscape
configure:2140: result: no
configure:2162: checking for pngtopnm
configure:2178: found /usr/bin/pngtopnm
configure:2189: result: pngtopnm
configure:2213: checking for pnmtops
configure:2229: found /usr/bin/pnmtops
configure:2240: result: pnmtops
configure:2264: checking for dblatex
configure:2294: result: no
configure:2315: checking for plucker-build
configure:2345: result: no
configure:2366: checking for html2text
configure:2396: result: no
configure:2417: checking for perl
configure:2433: found /usr/bin/perl
configure:2444: result: perl
configure:2468: checking for xmllint
configure:2484: found /usr/bin/xmllint
configure:2495: result: xmllint
configure:2519: checking for docbook2x-texi
configure:2549: result: no
configure:2570: checking for makeinfo
configure:2586: found /usr/bin/makeinfo
configure:2597: result: makeinfo
configure:2617: result: 
configure:2619: result: Summary:
configure:2621: result: --------------
configure:2648: result: Building the LaTeX versions requires : inkscape dblatex 
configure:2662: result: Building the HTML versions requires : inkscape 
configure:2676: result: Building the HTML Help versions requires : inkscape 
configure:2718: result: Building the pearson-compatible XML requires : inkscape 
configure:2732: result: Building the plucker versions requires : inkscape plucker-build inkscape 
configure:2760: result: Building the TexInfo versions requires : docbook2x-texi 
configure:2802: result: Building the text versions requires : html2text inkscape 
configure:2810: result: You will be able to build:   htmlman manpages  texiinfo undocumented
configure:2968: creating ./config.status

## ---------------------- ##
## Running config.status. ##
## ---------------------- ##

This file was extended by config.status, which was
generated by GNU Autoconf 2.69.  Invocation command line was

  CONFIG_FILES    = 
  CONFIG_HEADERS  = 
  CONFIG_LINKS    = 
  CONFIG_COMMANDS = 
  $ ./config.status 

on compling-server.sw2

config.status:727: creating Makefile.settings
config.status:727: creating build/catalog.xml

## ---------------- ##
## Cache variables. ##
## ---------------- ##

ac_cv_env_build_alias_set=
ac_cv_env_build_alias_value=
ac_cv_env_host_alias_set=
ac_cv_env_host_alias_value=
ac_cv_env_target_alias_set=
ac_cv_env_target_alias_value=
ac_cv_prog_MAKEINFO=makeinfo
ac_cv_prog_PERL=perl
ac_cv_prog_PNGTOPNM=pngtopnm
ac_cv_prog_PNMTOPS=pnmtops
ac_cv_prog_RM=rm
ac_cv_prog_XMLLINT=xmllint
ac_cv_prog_XSLTPROC=xsltproc

## ----------------- ##
## Output variables. ##
## ----------------- ##

DB2TEXI=''
DBLATEX=''
DEFS='-DPACKAGE_NAME=\"\" -DPACKAGE_TARNAME=\"\" -DPACKAGE_VERSION=\"\" -DPACKAGE_STRING=\"\" -DPACKAGE_BUGREPORT=\"\" -DPACKAGE_URL=\"\"'
DOC_BUILD_DATE='19-02-2019'
ECHO_C=''
ECHO_N='-n'
ECHO_T=''
HTML2TEXT=''
INKSCAPE=''
LATEX_DOCUMENTCLASS_OPTIONS='letterpaper,11pt,openright,twoside'
LIBOBJS=''
LIBS=''
LTLIBOBJS=''
MAKEINFO='makeinfo'
PACKAGE_BUGREPORT=''
PACKAGE_NAME=''
PACKAGE_STRING=''
PACKAGE_TARNAME=''
PACKAGE_URL=''
PACKAGE_VERSION=''
PATH_SEPARATOR=':'
PERL='perl'
PLUCKERBUILD=''
PNGTOPNM='pngtopnm'
PNMTOPS='pnmtops'
RM='rm'
SHELL='/bin/sh'
TARGETS='  htmlman manpages  texiinfo undocumented'
XMLLINT='xmllint'
XSLTPROC='xsltproc'
bindir='${exec_prefix}/bin'
build_alias=''
datadir='${datarootdir}'
datarootdir='${prefix}/share'
docdir='${datarootdir}/doc/${PACKAGE}'
dvidir='${docdir}'
exec_prefix='${prefix}'
host_alias=''
htmldir='${docdir}'
includedir='${prefix}/include'
infodir='${datarootdir}/info'
libdir='${exec_prefix}/lib'
libexecdir='${exec_prefix}/libexec'
localedir='${datarootdir}/locale'
localstatedir='${prefix}/var'
mandir='${datarootdir}/man'
oldincludedir='/usr/include'
pdfdir='${docdir}'
prefix='/usr/local'
program_transform_name='s,x,x,'
psdir='${docdir}'
sbindir='${exec_prefix}/sbin'
sharedstatedir='${prefix}/com'
sysconfdir='${prefix}/etc'
target_alias=''

## ----------- ##
## confdefs.h. ##
## ----------- ##

/* confdefs.h */
#define PACKAGE_NAME ""
#define PACKAGE_TARNAME ""
#define PACKAGE_VERSION ""
#define PACKAGE_STRING ""
#define PACKAGE_BUGREPORT ""
#define PACKAGE_URL ""

configure: exit 0
